=== command ===
pytest -v --tb=short at SHA d8140a25f8166bf0ca5ce5fc19f7cb1bd06a3d6d branch rdx-tea-integration
cwd: /Users/m33tball/bmad_module_builder/rdx-workspace/Rust_bmad_dev
start: 2026-07-02T09:20:25Z
python: Python 3.14.4

=== output ===
============================= test session starts ==============================
platform darwin -- Python 3.14.4, pytest-9.1.1, pluggy-1.6.0 -- /Users/m33tball/bmad_module_builder/rdx-workspace/Rust_bmad_dev/rdx-tea/.venv-baseline/bin/python
cachedir: .pytest_cache
rootdir: /Users/m33tball/bmad_module_builder/rdx-workspace/Rust_bmad_dev
collecting ... collected 307 items

tests/acceptance/cat4-flow/test_v6_cat4_flow.py::test_t_v6_acc_04_cat4_full_cycle PASSED [  0%]
tests/acceptance/ha-adversarial-suite/test_v6_acc_05.py::test_t_v6_acc_05_threat_model_doc_present PASSED [  0%]
tests/acceptance/ha-adversarial-suite/test_v6_acc_05.py::test_t_v6_acc_05_ha_catalog_matches_yaml PASSED [  0%]
tests/acceptance/ha-adversarial-suite/test_v6_acc_05.py::test_t_v6_acc_05_ha_test_module_exists[T-L7-HA-APPROVERS-FORGERY-001-test_l7_ha_approvers_forgery.py] PASSED [  1%]
tests/acceptance/ha-adversarial-suite/test_v6_acc_05.py::test_t_v6_acc_05_ha_test_module_exists[T-L7-HA-MODE-DOWNGRADE-001-test_l7_ha_mode_downgrade.py] PASSED [  1%]
tests/acceptance/ha-adversarial-suite/test_v6_acc_05.py::test_t_v6_acc_05_ha_modules_self_document_defense_layer PASSED [  1%]
tests/acceptance/ha-adversarial-suite/test_v6_acc_05.py::test_t_v6_acc_05_full_mutation_suite_green PASSED [  2%]
tests/acceptance/ha-adversarial-suite/test_v6_acc_05.py::test_t_v6_acc_05_approval_reuse_covered_by_cat4_driver PASSED [  2%]
tests/acceptance/test_doc_honesty.py::test_t_v5_acc_06_no_forbidden_phrases_in_rdx_skill_docs PASSED [  2%]
tests/acceptance/test_doc_honesty.py::test_negated_phrase_allowed_smoke PASSED [  3%]
tests/acceptance/test_doc_honesty.py::test_naked_phrase_caught_smoke PASSED [  3%]
tests/acceptance/test_regression_timing.py::test_l0_l1_l2_regression_under_30s PASSED [  3%]
tests/acceptance/test_v6_acceptance.py::test_t_v6_acc_01_v5_regression_pack_passes PASSED [  4%]
tests/acceptance/test_v6_acceptance.py::test_t_v6_acc_02_cat3_routing_and_cat1_immutability PASSED [  4%]
tests/acceptance/test_v6_acceptance.py::test_t_v6_acc_03_r2_wrapper_structurally_complete PASSED [  4%]
tests/bmad/code-review/test_code_review_wrappers.py::test_t_l4_cr_001_rdx_code_review_skill_exists PASSED [  5%]
tests/bmad/code-review/test_code_review_wrappers.py::test_t_l4_cr_001_wrapper_frontmatter_honest PASSED [  5%]
tests/bmad/code-review/test_code_review_wrappers.py::test_t_l4_cr_001_wrapper_orders_child_then_judgment PASSED [  5%]
tests/bmad/code-review/test_code_review_wrappers.py::test_t_l4_cr_001_wrapper_carries_soft_gate_disclaimer PASSED [  6%]
tests/bmad/code-review/test_code_review_wrappers.py::test_t_l4_cr_001_wrapper_unified_report_contract PASSED [  6%]
tests/bmad/code-review/test_code_review_wrappers.py::test_t_l4_cr_001_menu_override_sets_cr_to_rdx_code_review PASSED [  6%]
tests/bmad/code-review/test_code_review_wrappers.py::test_t_l4_cr_001_rdx_judgment_skill_exists PASSED [  7%]
tests/bmad/code-review/test_code_review_wrappers.py::test_t_l4_cr_001_no_recursion_in_wrapper PASSED [  7%]
tests/bmad/code-review/test_code_review_wrappers.py::test_t_l4_cr_002_r1_override_artefact_exists PASSED [  7%]
tests/bmad/code-review/test_code_review_wrappers.py::test_t_l4_cr_002_r1_override_declares_on_complete_judgment PASSED [  8%]
tests/bmad/code-review/test_code_review_wrappers.py::test_t_l4_cr_002_r1_override_documents_timing_limitation PASSED [  8%]
tests/bmad/menu-override/test_menu_override.py::test_t_l4_menu_001_ds_replaced_others_preserved PASSED [  8%]
tests/bmad/menu-override/test_menu_override.py::test_t_l4_menu_002_foreign_customization_preserved PASSED [  9%]
tests/bmad/menu-override/test_menu_override.py::test_rdx_installed_override_declares_ds_to_rdx_dev_story PASSED [  9%]
tests/bmad/menu-override/test_menu_override.py::test_t_l4_menu_001_non_ds_codes_unchanged[QD] PASSED [  9%]
tests/bmad/menu-override/test_menu_override.py::test_t_l4_menu_001_non_ds_codes_unchanged[CR] PASSED [ 10%]
tests/bmad/menu-override/test_menu_override.py::test_t_l4_menu_001_non_ds_codes_unchanged[RF] PASSED [ 10%]
tests/bmad/modes/test_mode_naming.py::test_modes_doc_names_every_mode PASSED [ 10%]
tests/bmad/modes/test_mode_naming.py::test_mode_1_never_called_enforced PASSED [ 11%]
tests/bmad/modes/test_mode_naming.py::test_module_yaml_offers_mode_choice PASSED [ 11%]
tests/bmad/modes/test_mode_naming.py::test_module_yaml_default_is_mode_1 PASSED [ 11%]
tests/bmad/modes/test_mode_selector.py::test_install_records_enforcement_level_in_config[MODE_0] PASSED [ 12%]
tests/bmad/modes/test_mode_selector.py::test_install_records_enforcement_level_in_config[MODE_1] PASSED [ 12%]
tests/bmad/modes/test_mode_selector.py::test_install_records_enforcement_level_in_config[MODE_2] PASSED [ 12%]
tests/bmad/modes/test_mode_selector.py::test_install_records_enforcement_level_in_config[MODE_3] PASSED [ 13%]
tests/bmad/modes/test_mode_selector.py::test_install_records_enforcement_level_in_config[MODE_4] PASSED [ 13%]
tests/bmad/modes/test_mode_selector.py::test_install_default_is_mode_1_local_validated PASSED [ 13%]
tests/bmad/modes/test_mode_selector.py::test_install_rejects_unknown_mode PASSED [ 14%]
tests/bmad/modes/test_mode_selector.py::test_install_is_idempotent_for_enforcement_level PASSED [ 14%]
tests/bmad/modes/test_mode_selector.py::test_install_preserves_user_explicit_level_on_rerun_without_flag PASSED [ 14%]
tests/bmad/setup-uninstall/test_setup_uninstall.py::test_install_script_exists PASSED [ 14%]
tests/bmad/setup-uninstall/test_setup_uninstall.py::test_t_l4_setup_001_fresh_install PASSED [ 15%]
tests/bmad/setup-uninstall/test_setup_uninstall.py::test_t_l4_setup_002_install_is_idempotent PASSED [ 15%]
tests/bmad/setup-uninstall/test_setup_uninstall.py::test_t_l4_setup_003_uninstall_round_trip PASSED [ 15%]
tests/bmad/setup-uninstall/test_setup_uninstall.py::test_t_l8_cat4_install_seeds_artifacts PASSED [ 16%]
tests/bmad/wrapper-resume/test_wrapper_skill_static.py::test_wrapper_skill_frontmatter PASSED [ 16%]
tests/bmad/wrapper-resume/test_wrapper_skill_static.py::test_t_l4_wr_001_happy_path_structure PASSED [ 16%]
tests/bmad/wrapper-resume/test_wrapper_skill_static.py::test_t_l4_wr_002_child_error_handling PASSED [ 17%]
tests/bmad/wrapper-resume/test_wrapper_skill_static.py::test_t_l4_wr_003_validator_fail_halt PASSED [ 17%]
tests/bmad/wrapper-resume/test_wrapper_skill_static.py::test_t_l4_wr_004_no_recursion PASSED [ 17%]
tests/bmad/wrapper-resume/test_wrapper_skill_static.py::test_t_l4_wr_005_missing_artifact_detection PASSED [ 18%]
tests/bmad/wrapper-resume/test_wrapper_skill_static.py::test_t_l4_wr_006_risk_tag_preservation PASSED [ 18%]
tests/bmad/wrapper-resume/test_wrapper_skill_static.py::test_wrapper_declares_no_false_enforcement PASSED [ 18%]
tests/bmad/wrapper-resume/test_wrapper_skill_static.py::test_each_wr_fixture_has_canonical_expected[T-L4-WR-001-happy-path] PASSED [ 19%]
tests/bmad/wrapper-resume/test_wrapper_skill_static.py::test_each_wr_fixture_has_canonical_expected[T-L4-WR-002-child-errored] PASSED [ 19%]
tests/bmad/wrapper-resume/test_wrapper_skill_static.py::test_each_wr_fixture_has_canonical_expected[T-L4-WR-003-validator-fail] PASSED [ 19%]
tests/bmad/wrapper-resume/test_wrapper_skill_static.py::test_each_wr_fixture_has_canonical_expected[T-L4-WR-004-no-recursion] PASSED [ 20%]
tests/bmad/wrapper-resume/test_wrapper_skill_static.py::test_each_wr_fixture_has_canonical_expected[T-L4-WR-005-missing-artifact] PASSED [ 20%]
tests/bmad/wrapper-resume/test_wrapper_skill_static.py::test_each_wr_fixture_has_canonical_expected[T-L4-WR-006-risk-tag-preservation] PASSED [ 20%]
tests/ci/test_l6_ci_workflow.py::test_l6_ci_001_blocks_pr_with_invalid_evidence PASSED [ 21%]
tests/ci/test_l6_ci_workflow.py::test_l6_ci_002_validator_loaded_from_base PASSED [ 21%]
tests/ci/test_l6_ci_workflow.py::test_l6_ci_003_fork_pr_no_secrets PASSED [ 21%]
tests/ci/test_l6_ci_workflow.py::test_l6_ci_004_dual_run_baseline_vs_regression PASSED [ 22%]
tests/ci/test_l6_ci_workflow.py::test_l6_ci_005_rejects_stale_evidence PASSED [ 22%]
tests/ci/test_l6_ci_workflow.py::test_v5_acc_05_ci_matches_local PASSED  [ 22%]
tests/ci/test_l6_hook.py::test_l6_hook_001_blocks_push_on_validator_fail PASSED [ 23%]
tests/ci/test_l6_hook.py::test_l6_hook_002_permits_clean_push PASSED     [ 23%]
tests/ci/test_l6_hook.py::test_l6_hook_003_chains_existing_hook PASSED   [ 23%]
tests/ci/test_l6_hook.py::test_l6_hook_004_uninstall_restores_existing PASSED [ 24%]
tests/ci/test_l6_hook.py::test_l6_hook_005_no_verify_bypass PASSED       [ 24%]
tests/compatibility/test_compat_matrix.py::test_matrix_md_exists PASSED  [ 24%]
tests/compatibility/test_compat_matrix.py::test_matrix_declares_v5_minimums PASSED [ 25%]
tests/compatibility/test_compat_matrix.py::test_matrix_covers_required_os_python_pairs PASSED [ 25%]
tests/compatibility/test_compat_matrix.py::test_matrix_unsupported_list_excludes_python_310_and_below PASSED [ 25%]
tests/compatibility/test_compat_matrix.py::test_matrix_at_least_one_row_runs_full_l0_through_l7 PASSED [ 26%]
tests/contracts/test_l0_drift.py::test_l0_drift_001_router_kb_bijective PASSED [ 26%]
tests/contracts/test_l0_drift.py::test_l0_drift_002_rule_check_map_ids_in_kb PASSED [ 26%]
tests/contracts/test_l0_drift.py::test_l0_rule_ids_001_no_duplicates_in_kb PASSED [ 27%]
tests/contracts/test_l0_drift.py::test_l0_drift_router_golden_snapshot_matches PASSED [ 27%]
tests/contracts/test_l0_phase8_schemas.py::test_l0_phase8_schema_001_approvers_schema_is_draft_2020_12 PASSED [ 27%]
tests/contracts/test_l0_phase8_schemas.py::test_l0_phase8_schema_002_valid_approvers_yaml_passes PASSED [ 28%]
tests/contracts/test_l0_phase8_schemas.py::test_l0_phase8_schema_003_approvers_missing_roles_rejected PASSED [ 28%]
tests/contracts/test_l0_phase8_schemas.py::test_l0_phase8_schema_004_approval_schema_is_draft_2020_12 PASSED [ 28%]
tests/contracts/test_l0_phase8_schemas.py::test_l0_phase8_schema_005_valid_approval_passes PASSED [ 28%]
tests/contracts/test_l0_phase8_schemas.py::test_l0_phase8_schema_006_approval_missing_rule_id_rejected PASSED [ 29%]
tests/contracts/test_l0_phase8_schemas.py::test_l0_phase8_schema_007_approval_missing_diff_digest_rejected PASSED [ 29%]
tests/contracts/test_l0_phase8_schemas.py::test_l0_phase8_schema_008_approval_missing_approver_identity_rejected PASSED [ 29%]
tests/contracts/test_l0_phase8_schemas.py::test_l0_phase8_schema_009_approval_decision_denied_passes PASSED [ 30%]
tests/contracts/test_l0_router.py::test_l0_router_001_router_rules_validate_against_meta_schema PASSED [ 30%]
tests/contracts/test_l0_router.py::test_l0_router_activation_classes_within_allowed_set PASSED [ 30%]
tests/contracts/test_l0_schema_evidence.py::test_l0_schema_001_schema_is_valid_draft_2020_12 PASSED [ 31%]
tests/contracts/test_l0_schema_evidence.py::test_l0_schema_002_valid_evidence_passes PASSED [ 31%]
tests/contracts/test_l0_schema_evidence.py::test_l0_schema_003_missing_diff_digest_is_rejected PASSED [ 31%]
tests/contracts/test_l0_schema_evidence.py::test_l0_schema_004_cat1_pass_requires_command_evidence PASSED [ 32%]
tests/contracts/test_l0_status.py::test_l0_status_001_canonical_taxonomy PASSED [ 32%]
tests/contracts/test_l0_status.py::test_l0_status_001_exit_code_mapping_complete PASSED [ 32%]
tests/contracts/test_l0_status.py::test_l0_status_002_authority_matrix_complete PASSED [ 33%]
tests/docs/test_l4_doc_honesty_extended.py::test_no_forbidden_phrases_in_readme_or_docs PASSED [ 33%]
tests/docs/test_l4_doc_review_checklist.py::test_doc_review_checklist_exists PASSED [ 33%]
tests/docs/test_l4_doc_review_checklist.py::test_doc_review_checklist_enumerates_required_topics PASSED [ 34%]
tests/docs/test_l4_doc_review_checklist.py::test_doc_review_checklist_uses_checkbox_format PASSED [ 34%]
tests/docs/test_l4_readme_architecture.py::test_readme_lists_all_five_modes PASSED [ 34%]
tests/docs/test_l4_readme_architecture.py::test_readme_uses_canonical_mode_labels PASSED [ 35%]
tests/docs/test_l4_readme_architecture.py::test_readme_covers_validator PASSED [ 35%]
tests/docs/test_l4_readme_architecture.py::test_readme_covers_wrapper PASSED [ 35%]
tests/docs/test_l4_readme_architecture.py::test_readme_covers_pre_push_hook PASSED [ 36%]
tests/docs/test_l4_readme_architecture.py::test_readme_covers_ci_required_check PASSED [ 36%]
tests/docs/test_l4_readme_architecture.py::test_readme_covers_cat1_through_cat4 PASSED [ 36%]
tests/docs/test_l4_readme_architecture.py::test_readme_covers_specialist_approvals PASSED [ 37%]
tests/docs/test_l4_readme_architecture.py::test_readme_covers_evidence_schema PASSED [ 37%]
tests/docs/test_l4_readme_architecture.py::test_readme_covers_status_semantics PASSED [ 37%]
tests/docs/test_l4_readme_architecture.py::test_readme_covers_exception_model PASSED [ 38%]
tests/docs/test_l4_readme_architecture.py::test_readme_covers_update_and_uninstall PASSED [ 38%]
tests/docs/test_l4_readme_architecture.py::test_readme_covers_review_integration PASSED [ 38%]
tests/docs/test_l4_readme_architecture.py::test_readme_covers_troubleshooting_and_limitations PASSED [ 39%]
tests/docs/test_l4_readme_architecture.py::test_readme_links_compatibility_matrix PASSED [ 39%]
tests/docs/test_l4_readme_architecture.py::test_readme_public_positioning_statements_present PASSED [ 39%]
tests/docs/test_l4_readme_ci_cost.py::test_readme_exists PASSED          [ 40%]
tests/docs/test_l4_readme_ci_cost.py::test_readme_has_gh_actions_free_subsection PASSED [ 40%]
tests/docs/test_l4_readme_ci_cost.py::test_readme_gh_free_mentions_2000_minute_budget PASSED [ 40%]
tests/docs/test_l4_readme_ci_cost.py::test_readme_gh_free_mentions_owner_aggregation PASSED [ 41%]
tests/docs/test_l4_readme_ci_cost.py::test_readme_gh_free_mentions_typical_pr_consumption PASSED [ 41%]
tests/docs/test_l4_readme_ci_cost.py::test_readme_gh_free_mentions_mode2_as_no_ci_alternative PASSED [ 41%]
tests/docs/test_l4_readme_ci_cost.py::test_readme_gh_free_has_step_by_step_rdx_gate_setup PASSED [ 42%]
tests/docs/test_l4_readme_ci_cost.py::test_readme_has_switching_to_paid_subsection PASSED [ 42%]
tests/docs/test_l4_readme_ci_cost.py::test_readme_paid_subsection_compares_pro_team_enterprise PASSED [ 42%]
tests/docs/test_l4_readme_ci_cost.py::test_readme_paid_subsection_mentions_self_hosted_runners PASSED [ 42%]
tests/docs/test_l4_readme_ci_cost.py::test_readme_paid_subsection_has_cost_calculator_hint PASSED [ 43%]
tests/docs/test_l4_readme_ci_cost.py::test_readme_paid_subsection_explains_organization_move PASSED [ 43%]
tests/docs/test_l4_readme_mode2_positioning.py::test_readme_mentions_mode2 PASSED [ 43%]
tests/docs/test_l4_readme_mode2_positioning.py::test_readme_positions_mode2_as_release_quality PASSED [ 44%]
tests/docs/test_l4_readme_mode2_positioning.py::test_readme_never_calls_mode2_a_stepping_stone PASSED [ 44%]
tests/evals/test_l5_eval_cases.py::test_l5_case_file_exists_and_has_required_fields[router-not-skipped] PASSED [ 44%]
tests/evals/test_l5_eval_cases.py::test_l5_case_file_exists_and_has_required_fields[no-self-attested-pass] PASSED [ 45%]
tests/evals/test_l5_eval_cases.py::test_l5_case_file_exists_and_has_required_fields[not-run-honesty] PASSED [ 45%]
tests/evals/test_l5_eval_cases.py::test_l5_case_file_exists_and_has_required_fields[mode-naming] PASSED [ 45%]
tests/evals/test_l5_eval_cases.py::test_l5_case_file_exists_and_has_required_fields[no-irrelevant-pack] PASSED [ 46%]
tests/evals/test_l5_eval_cases.py::test_l5_case_file_exists_and_has_required_fields[context-pressure] PASSED [ 46%]
tests/evals/test_l5_eval_cases.py::test_l5_case_file_exists_and_has_required_fields[fail-honesty] PASSED [ 46%]
tests/evals/test_l5_eval_cases.py::test_l5_case_thresholds_match_strategy PASSED [ 47%]
tests/evals/test_l5_eval_cases.py::test_l5_mode_naming_forbids_enforced_label PASSED [ 47%]
tests/evals/test_l5_eval_cases.py::test_l5_no_self_pass_demands_100pct PASSED [ 47%]
tests/evals/test_l5_eval_cases.py::test_l5_context_pressure_allows_honest_degradation PASSED [ 48%]
tests/evals/test_l5_phase7_cat3_cases.py::test_phase7_case_file_exists_and_has_required_fields[cat3-scope] PASSED [ 48%]
tests/evals/test_l5_phase7_cat3_cases.py::test_phase7_case_file_exists_and_has_required_fields[cat3-cat1-immutable] PASSED [ 48%]
tests/evals/test_l5_phase7_cat3_cases.py::test_phase7_case_file_exists_and_has_required_fields[doc-not-rust] PASSED [ 49%]
tests/evals/test_l5_phase7_cat3_cases.py::test_phase7_thresholds_match_plan[cat3-scope] PASSED [ 49%]
tests/evals/test_l5_phase7_cat3_cases.py::test_phase7_thresholds_match_plan[cat3-cat1-immutable] PASSED [ 49%]
tests/evals/test_l5_phase7_cat3_cases.py::test_phase7_thresholds_match_plan[doc-not-rust] PASSED [ 50%]
tests/evals/test_l5_phase7_cat3_cases.py::test_cat3_scope_rubric_lists_inactive_packs PASSED [ 50%]
tests/evals/test_l5_phase7_cat3_cases.py::test_cat3_cat1_immutable_demands_100pct PASSED [ 50%]
tests/evals/test_l5_phase7_cat3_cases.py::test_doc_not_rust_forbids_rust_rule_ids PASSED [ 51%]
tests/evals/test_l5_rolling_window.py::test_load_case_parses_required_fields PASSED [ 51%]
tests/evals/test_l5_rolling_window.py::test_aggregator_computes_pass_rate_within_window PASSED [ 51%]
tests/evals/test_l5_rolling_window.py::test_aggregator_excludes_runs_outside_window PASSED [ 52%]
tests/evals/test_l5_rolling_window.py::test_aggregator_pass_rate_zero_runs_is_none PASSED [ 52%]
tests/evals/test_l5_rolling_window.py::test_threshold_checker_blocks_below_threshold PASSED [ 52%]
tests/evals/test_l5_rolling_window.py::test_threshold_checker_passes_at_or_above_threshold PASSED [ 53%]
tests/evals/test_l5_rolling_window.py::test_threshold_checker_insufficient_data PASSED [ 53%]
tests/evals/test_l5_rolling_window.py::test_threshold_checker_100pct_case_one_failure_blocks PASSED [ 53%]
tests/evals/test_l5_rolling_window.py::test_aggregator_load_runs_from_artifacts_dir PASSED [ 54%]
tests/evals/test_l5_rolling_window.py::test_threshold_checker_status_uses_canonical_taxonomy PASSED [ 54%]
tests/evals/test_l8_judgment.py::test_clear_violation_fixture_exists_and_declares_variance_threshold PASSED [ 54%]
tests/evals/test_l8_judgment.py::test_variance_harness_counts_differing_verdicts PASSED [ 55%]
tests/evals/test_l8_judgment.py::test_scoped_to_unsafe_fixture_declares_scope_envelope PASSED [ 55%]
tests/evals/test_l8_judgment.py::test_scope_filter_rejects_inactive_pack_findings PASSED [ 55%]
tests/evals/test_l8_judgment.py::test_scope_filter_accepts_all_in_scope PASSED [ 56%]
tests/evals/test_l8_judgment.py::test_governance_doc_fixture_pairs_governance_and_ordinary PASSED [ 56%]
tests/evals/test_l8_judgment.py::test_classify_doc_kind_known_governance_paths PASSED [ 56%]
tests/evals/test_l8_judgment.py::test_finding_schema_enumerates_v6_verdicts PASSED [ 57%]
tests/evals/test_l8_judgment.py::test_finding_schema_requires_v6_fields PASSED [ 57%]
tests/evals/test_l8_judgment.py::test_finding_schema_validates_well_formed_finding PASSED [ 57%]
tests/evals/test_l8_judgment.py::test_finding_schema_rejects_cat1_pass_by_evaluator PASSED [ 57%]
tests/evals/test_l8_judgment.py::test_judgment_skill_declares_scope_discipline PASSED [ 58%]
tests/evals/test_l8_judgment.py::test_judgment_skill_declares_cat1_immutability PASSED [ 58%]
tests/evals/test_l8_judgment.py::test_judgment_skill_declares_doc_classification PASSED [ 58%]
tests/evals/test_l8_judgment.py::test_judgment_skill_declares_verdict_set PASSED [ 59%]
tests/evals/test_l8_judgment.py::test_judgment_skill_does_not_claim_specialist_authority PASSED [ 59%]
tests/integration/cargo/test_l3_green_crate.py::test_l3_crate_001_green_crate_passes PASSED [ 59%]
tests/integration/cargo/test_l3_green_crate.py::test_l3_crate_003_dual_run_same_signature_not_blocking PASSED [ 60%]
tests/integration/cargo/test_l3_green_crate.py::test_l3_crate_004_dual_run_green_to_red_blocks PASSED [ 60%]
tests/integration/cargo/test_l3_green_crate.py::test_l3_crate_005_unsafe_no_safety_blocks PASSED [ 60%]
tests/integration/cat4/test_l8_cat4.py::test_t_l8_cat4_001_unsafe_no_approval_blocks PASSED [ 61%]
tests/integration/cat4/test_l8_cat4.py::test_t_l8_cat4_002_valid_approval_passes PASSED [ 61%]
tests/integration/cat4/test_l8_cat4.py::test_t_l8_cat4_003_unauthorized_approver_blocks PASSED [ 61%]
tests/integration/cat4/test_l8_cat4.py::test_t_l8_cat4_005_malformed_approval_blocks PASSED [ 62%]
tests/integration/cat4/test_l8_cat4.py::test_t_l7_approval_reuse_001_diff_change_invalidates PASSED [ 62%]
tests/integration/cat4/test_l8_cat4.py::test_t_l8_gov_001_kb_change_requires_governance PASSED [ 62%]
tests/mutation/test_l7_del_test.py::test_l7_deleted_test_caught PASSED   [ 63%]
tests/mutation/test_l7_disabled_pack.py::test_l7_disabled_pack_caught PASSED [ 63%]
tests/mutation/test_l7_fake_pass.py::test_l7_fake_pass_rejected_by_schema PASSED [ 63%]
tests/mutation/test_l7_full_suite.py::test_v5_l7_catalog_matches_phase6_gate_map PASSED [ 64%]
tests/mutation/test_l7_full_suite.py::test_v5_l7_test_module_exists[T-L7-DEL-TEST-001-test_l7_del_test.py] PASSED [ 64%]
tests/mutation/test_l7_full_suite.py::test_v5_l7_test_module_exists[T-L7-DISABLED-PACK-001-test_l7_disabled_pack.py] PASSED [ 64%]
tests/mutation/test_l7_full_suite.py::test_v5_l7_test_module_exists[T-L7-FAKE-PASS-001-test_l7_fake_pass.py] PASSED [ 65%]
tests/mutation/test_l7_full_suite.py::test_v5_l7_test_module_exists[T-L7-MOD-SCHEMA-001-test_l7_mod_schema.py] PASSED [ 65%]
tests/mutation/test_l7_full_suite.py::test_v5_l7_test_module_exists[T-L7-MOD-VALIDATOR-001-test_l7_mod_validator.py] PASSED [ 65%]
tests/mutation/test_l7_full_suite.py::test_v5_l7_test_module_exists[T-L7-OVERSIZED-DIFF-001-test_l7_oversized_diff.py] PASSED [ 66%]
tests/mutation/test_l7_full_suite.py::test_v5_l7_test_module_exists[T-L7-STALE-DIFF-001-test_l7_stale_diff.py] PASSED [ 66%]
tests/mutation/test_l7_full_suite.py::test_v5_l7_test_module_exists[T-L7-WORKFLOW-MOD-001-test_l7_workflow_mod.py] PASSED [ 66%]
tests/mutation/test_l7_full_suite.py::test_v5_l7_test_module_exists[T-L7-WRONG-BASE-001-test_l7_wrong_base.py] PASSED [ 67%]
tests/mutation/test_l7_full_suite.py::test_v5_l7_full_suite_modules_importable PASSED [ 67%]
tests/mutation/test_l7_full_suite.py::test_v5_l7_each_module_asserts_a_defense_layer PASSED [ 67%]
tests/mutation/test_l7_ha_approvers_forgery.py::test_l7_ha_approvers_forgery_fixture_targets_approvers_yaml PASSED [ 68%]
tests/mutation/test_l7_ha_approvers_forgery.py::test_l7_ha_approvers_forgery_attacker_not_in_baseline PASSED [ 68%]
tests/mutation/test_l7_ha_approvers_forgery.py::test_l7_ha_approvers_forgery_blocks_without_governance_approval PASSED [ 68%]
tests/mutation/test_l7_ha_approvers_forgery.py::test_l7_ha_approvers_forgery_unauthorized_approver_still_blocks PASSED [ 69%]
tests/mutation/test_l7_ha_mode_downgrade.py::test_l7_ha_mode_downgrade_baseline_has_governance_pattern PASSED [ 69%]
tests/mutation/test_l7_ha_mode_downgrade.py::test_l7_ha_mode_downgrade_fixture_targets_config_toml PASSED [ 69%]
tests/mutation/test_l7_ha_mode_downgrade.py::test_l7_ha_mode_downgrade_blocks_without_governance_approval PASSED [ 70%]
tests/mutation/test_l7_ha_mode_downgrade.py::test_l7_ha_mode_downgrade_unblocks_with_governance_approval PASSED [ 70%]
tests/mutation/test_l7_mod_schema.py::test_l7_modified_schema_has_no_effect PASSED [ 70%]
tests/mutation/test_l7_mod_validator.py::test_l7_ci_runner_uses_base_ref_not_pr_head PASSED [ 71%]
tests/mutation/test_l7_oversized_diff.py::test_l7_oversized_diff_bounded PASSED [ 71%]
tests/mutation/test_l7_stale_diff.py::test_l7_stale_diff_digest_rejected PASSED [ 71%]
tests/mutation/test_l7_stale_diff.py::test_l7_fresh_diff_digest_accepted PASSED [ 71%]
tests/mutation/test_l7_workflow_mod.py::test_l7_branch_protection_documented PASSED [ 72%]
tests/mutation/test_l7_workflow_mod.py::test_l7_workflow_self_documents_branch_protection PASSED [ 72%]
tests/mutation/test_l7_wrong_base.py::test_l7_wrong_base_sha_rejected PASSED [ 72%]
tests/unit/validator/test_l1_aggregator.py::test_l1_agg_001_any_fail_yields_blocked PASSED [ 73%]
tests/unit/validator/test_l1_aggregator.py::test_l1_agg_002_not_run_with_reason_mode0_does_not_block PASSED [ 73%]
tests/unit/validator/test_l1_aggregator.py::test_l1_agg_003_not_run_without_reason_promoted_to_fail PASSED [ 73%]
tests/unit/validator/test_l1_aggregator.py::test_l1_exit_001_all_pass_to_0 PASSED [ 74%]
tests/unit/validator/test_l1_aggregator.py::test_l1_exit_002_fail_overrides_review_required PASSED [ 74%]
tests/unit/validator/test_l1_aggregator.py::test_l1_exit_003_review_required_only_to_4 PASSED [ 74%]
tests/unit/validator/test_l1_aggregator.py::test_l1_exit_004_approval_required_only_to_3 PASSED [ 75%]
tests/unit/validator/test_l1_aggregator.py::test_l1_exit_005_environment_unavailable_to_2 PASSED [ 75%]
tests/unit/validator/test_l1_aggregator.py::test_l1_pol_001_advisory_mode_never_blocks PASSED [ 75%]
tests/unit/validator/test_l1_baseline.py::test_l1_base_001_same_signature PASSED [ 76%]
tests/unit/validator/test_l1_baseline.py::test_l1_base_002_new_signature PASSED [ 76%]
tests/unit/validator/test_l1_baseline.py::test_l1_base_003_green_to_red PASSED [ 76%]
tests/unit/validator/test_l1_baseline.py::test_l1_base_004_red_to_green PASSED [ 77%]
tests/unit/validator/test_l1_diff.py::test_l1_diff_001_added_lines_excludes_header PASSED [ 77%]
tests/unit/validator/test_l1_diff.py::test_l1_diff_002_paths_strip_b_prefix_and_skip_dev_null PASSED [ 77%]
tests/unit/validator/test_l1_diff.py::test_l1_diff_003_rename_returns_new_path PASSED [ 78%]
tests/unit/validator/test_l1_diff.py::test_l1_digest_001_stable_across_invocations PASSED [ 78%]
tests/unit/validator/test_l1_diff.py::test_l1_digest_002_whitespace_change_changes_digest PASSED [ 78%]
tests/unit/validator/test_l1_diff.py::test_l1_comment_001_heuristic[// foo-True] PASSED [ 79%]
tests/unit/validator/test_l1_diff.py::test_l1_comment_001_heuristic[/// doc comment-True] PASSED [ 79%]
tests/unit/validator/test_l1_diff.py::test_l1_comment_001_heuristic[//! inner doc-True] PASSED [ 79%]
tests/unit/validator/test_l1_diff.py::test_l1_comment_001_heuristic[/* block */-True] PASSED [ 80%]
tests/unit/validator/test_l1_diff.py::test_l1_comment_001_heuristic[ * continuation-True] PASSED [ 80%]
tests/unit/validator/test_l1_diff.py::test_l1_comment_001_heuristic[# Cargo.toml comment-True] PASSED [ 80%]
tests/unit/validator/test_l1_diff.py::test_l1_comment_001_heuristic[    -True] PASSED [ 81%]
tests/unit/validator/test_l1_diff.py::test_l1_comment_001_heuristic[let x = 1; // trailing-False] PASSED [ 81%]
tests/unit/validator/test_l1_diff.py::test_l1_comment_001_heuristic[pub fn foo() {}-False] PASSED [ 81%]
tests/unit/validator/test_l1_diff.py::test_l1_comment_001_heuristic[#[derive(Debug)]-False] PASSED [ 82%]
tests/unit/validator/test_l1_exceptions.py::test_l1_exc_001_valid_exception_parsed PASSED [ 82%]
tests/unit/validator/test_l1_exceptions.py::test_l1_exc_002_missing_reason_rejected PASSED [ 82%]
tests/unit/validator/test_l1_mode_label.py::test_envelope_includes_mode_label[MODE_0-Advisory] PASSED [ 83%]
tests/unit/validator/test_l1_mode_label.py::test_envelope_includes_mode_label[MODE_1-Local Validated] PASSED [ 83%]
tests/unit/validator/test_l1_mode_label.py::test_envelope_includes_mode_label[MODE_2-Local Gated] PASSED [ 83%]
tests/unit/validator/test_l1_mode_label.py::test_envelope_includes_mode_label[MODE_3-CI Enforced] PASSED [ 84%]
tests/unit/validator/test_l1_mode_label.py::test_envelope_includes_mode_label[MODE_4-Specialist Approval] PASSED [ 84%]
tests/unit/validator/test_l1_mode_label.py::test_envelope_mode_label_is_distinct_field_not_overload PASSED [ 84%]
tests/unit/validator/test_l2_core_checks.py::test_l2_core007_001_protected_touched_fail PASSED [ 85%]
tests/unit/validator/test_l2_core_checks.py::test_l2_core007_002_protected_touched_authorized_pass PASSED [ 85%]
tests/unit/validator/test_l2_core_checks.py::test_l2_core007_003_no_protected_files_not_applicable PASSED [ 85%]
tests/unit/validator/test_l2_core_checks.py::test_l2_core008_001_unwrap_prod_warning_pass PASSED [ 85%]
tests/unit/validator/test_l2_core_checks.py::test_l2_core008_002_unwrap_with_panic_tag_fail PASSED [ 86%]
tests/unit/validator/test_l2_core_checks.py::test_l2_core008_003_unwrap_in_test_ignored PASSED [ 86%]
tests/unit/validator/test_l2_core_checks.py::test_l2_core011_001_missing_check_evidence_required PASSED [ 86%]
tests/unit/validator/test_l2_core_checks.py::test_l2_core011_002_cargo_fail_propagates PASSED [ 87%]
tests/unit/validator/test_l2_core_checks.py::test_l2_core011_003_self_attested_rejected PASSED [ 87%]
tests/unit/validator/test_l2_core_checks.py::test_l2_core014_001_added_ignore_evidence_required PASSED [ 87%]
tests/unit/validator/test_l2_core_checks.py::test_l2_core014_002_removed_test_fail PASSED [ 88%]
tests/unit/validator/test_l2_core_checks.py::test_l2_core014_003_vacuous_assertion_fail PASSED [ 88%]
tests/unit/validator/test_l2_core_checks.py::test_l2_core015_001_agent_missed_pack_fail PASSED [ 88%]
tests/unit/validator/test_l2_core_checks.py::test_l2_core015_002_documented_suppression_pass PASSED [ 89%]
tests/unit/validator/test_l2_core_checks.py::test_l2_unsafe_001_unsafe_pack_yields_approval_required PASSED [ 89%]
tests/unit/validator/test_l2_router_packs.py::test_l2_router_pack_activation[diffs/async/positive-tokio-spawn.diff] PASSED [ 89%]
tests/unit/validator/test_l2_router_packs.py::test_l2_router_pack_activation[diffs/async/positive-async-fn-signature.diff] PASSED [ 90%]
tests/unit/validator/test_l2_router_packs.py::test_l2_router_pack_activation[diffs/async/negative-doc-only.diff] PASSED [ 90%]
tests/unit/validator/test_l2_router_packs.py::test_l2_router_pack_activation[diffs/async/negative-rename-only.diff] PASSED [ 90%]
tests/unit/validator/test_l2_router_packs.py::test_l2_router_pack_activation[diffs/unsafe/positive-new-unsafe-block.diff] PASSED [ 91%]
tests/unit/validator/test_l2_router_packs.py::test_l2_router_pack_activation[diffs/unsafe/negative-doc-mention.diff] PASSED [ 91%]
tests/unit/validator/test_l2_router_packs.py::test_l2_router_pack_activation[diffs/unsafe/positive-with-safety-comment.diff] PASSED [ 91%]
tests/unit/validator/test_l2_router_packs.py::test_l2_router_pack_activation[diffs/unsafe/negative-no-safety-comment.diff] PASSED [ 92%]
tests/unit/validator/test_l2_router_packs.py::test_l2_router_pack_activation[diffs/ffi/positive-extern-c.diff] PASSED [ 92%]
tests/unit/validator/test_l2_router_packs.py::test_l2_router_pack_activation[diffs/ffi/positive-cdylib-cargo.diff] PASSED [ 92%]
tests/unit/validator/test_l2_router_packs.py::test_l2_router_pack_activation[diffs/ffi/negative-doc-only.diff] PASSED [ 93%]
tests/unit/validator/test_l2_router_packs.py::test_l2_router_pack_activation[diffs/macro/positive-macro-rules.diff] PASSED [ 93%]
tests/unit/validator/test_l2_router_packs.py::test_l2_router_pack_activation[diffs/macro/positive-build-rs.diff] PASSED [ 93%]
tests/unit/validator/test_l2_router_packs.py::test_l2_router_pack_activation[diffs/macro/negative-doc-only.diff] PASSED [ 94%]
tests/unit/validator/test_l2_router_packs.py::test_l2_router_pack_activation[diffs/api/positive-pub-fn-lib.diff] PASSED [ 94%]
tests/unit/validator/test_l2_router_packs.py::test_l2_router_pack_activation[diffs/api/negative-pub-fn-binary.diff] PASSED [ 94%]
tests/unit/validator/test_l2_router_packs.py::test_l2_router_pack_activation[diffs/cargo/positive-add-dep.diff] PASSED [ 95%]
tests/unit/validator/test_l2_router_packs.py::test_l2_router_pack_activation[diffs/cargo/positive-toolchain-change.diff] PASSED [ 95%]
tests/unit/validator/test_l2_router_packs.py::test_l2_router_pack_activation[diffs/test-pack/positive-no-tag.diff] PASSED [ 95%]
tests/unit/validator/test_l2_router_packs.py::test_l2_router_pack_activation[diffs/test-pack/positive-with-tag.diff] PASSED [ 96%]
tests/unit/validator/test_l2_router_packs.py::test_l2_router_pack_activation[diffs/data/positive-serde-dto.diff] PASSED [ 96%]
tests/unit/validator/test_l2_router_packs.py::test_l2_router_pack_activation[diffs/data/negative-doc-only.diff] PASSED [ 96%]
tests/unit/validator/test_l2_router_packs.py::test_l2_router_pack_activation[diffs/db/positive-new-migration.diff] PASSED [ 97%]
tests/unit/validator/test_l2_router_packs.py::test_l2_router_pack_activation[diffs/db/negative-doc-only.diff] PASSED [ 97%]
tests/unit/validator/test_l2_router_packs.py::test_l2_router_pack_activation[diffs/time/positive-instant-now.diff] PASSED [ 97%]
tests/unit/validator/test_l2_router_packs.py::test_l2_router_pack_activation[diffs/time/negative-doc-only.diff] PASSED [ 98%]
tests/unit/validator/test_l2_router_packs.py::test_l2_router_pack_activation[diffs/ops/positive-tracing-no-tag.diff] PASSED [ 98%]
tests/unit/validator/test_l2_router_packs.py::test_l2_router_pack_activation[diffs/ops/positive-tracing-with-tag.diff] PASSED [ 98%]
tests/unit/validator/test_l2_router_packs.py::test_l2_router_pack_activation[diffs/perf/positive-no-std.diff] PASSED [ 99%]
tests/unit/validator/test_l2_router_packs.py::test_l2_router_pack_activation[diffs/perf/negative-micro-opt-no-tag.diff] PASSED [ 99%]
tests/unit/validator/test_l8_sync_codeowners.py::test_t_l8_cat4_004_generates_codeowners_from_sample PASSED [ 99%]
tests/unit/validator/test_l8_sync_codeowners.py::test_t_l8_cat4_004_idempotent PASSED [100%]

============================= slowest 15 durations =============================
5.62s call     tests/acceptance/test_v6_acceptance.py::test_t_v6_acc_01_v5_regression_pack_passes
1.15s call     tests/acceptance/test_regression_timing.py::test_l0_l1_l2_regression_under_30s
0.94s call     tests/acceptance/ha-adversarial-suite/test_v6_acc_05.py::test_t_v6_acc_05_full_mutation_suite_green
0.86s call     tests/ci/test_l6_hook.py::test_l6_hook_003_chains_existing_hook
0.42s call     tests/ci/test_l6_hook.py::test_l6_hook_005_no_verify_bypass
0.37s call     tests/ci/test_l6_hook.py::test_l6_hook_002_permits_clean_push
0.36s call     tests/ci/test_l6_hook.py::test_l6_hook_001_blocks_push_on_validator_fail
0.25s call     tests/acceptance/cat4-flow/test_v6_cat4_flow.py::test_t_v6_acc_04_cat4_full_cycle
0.25s call     tests/ci/test_l6_ci_workflow.py::test_v5_acc_05_ci_matches_local
0.20s call     tests/ci/test_l6_ci_workflow.py::test_l6_ci_002_validator_loaded_from_base
0.20s call     tests/ci/test_l6_ci_workflow.py::test_l6_ci_004_dual_run_baseline_vs_regression
0.19s call     tests/ci/test_l6_ci_workflow.py::test_l6_ci_005_rejects_stale_evidence
0.17s call     tests/integration/cat4/test_l8_cat4.py::test_t_l7_approval_reuse_001_diff_change_invalidates
0.16s call     tests/ci/test_l6_ci_workflow.py::test_l6_ci_001_blocks_pr_with_invalid_evidence
0.11s call     tests/unit/validator/test_l8_sync_codeowners.py::test_t_l8_cat4_004_idempotent
============================= 307 passed in 15.09s =============================

=== outcome ===
exit_code: 0
end: 2026-07-02T09:20:40Z
